<?xml version="1.0" encoding="UTF-8"?>
<testng-results skipped="0" failed="0" ignored="0" total="4" passed="4">
  <reporter-output>
  </reporter-output>
  <suite name="Default suite" duration-ms="169783" started-at="2019-10-28T11:06:31Z" finished-at="2019-10-28T11:09:21Z">
    <groups>
    </groups>
    <test name="Default test" duration-ms="169783" started-at="2019-10-28T11:06:31Z" finished-at="2019-10-28T11:09:21Z">
      <class name="testmeapp.tests.OnlineShoppingTest">
        <test-method status="PASS" signature="startReportBeforeTest()[pri:0, instance:testmeapp.tests.OnlineShoppingTest@4883b407]" name="startReportBeforeTest" is-config="true" duration-ms="241" started-at="2019-10-28T11:06:31Z" finished-at="2019-10-28T11:06:31Z">
          <reporter-output>
          </reporter-output>
        </test-method> <!-- startReportBeforeTest -->
        <test-method status="PASS" signature="testRegistration()[pri:1, instance:testmeapp.tests.OnlineShoppingTest@4883b407]" name="testRegistration" duration-ms="40702" started-at="2019-10-28T11:06:31Z" finished-at="2019-10-28T11:07:12Z">
          <reporter-output>
          </reporter-output>
        </test-method> <!-- testRegistration -->
        <test-method status="PASS" signature="getResultAfterMethod(org.testng.ITestResult)[pri:0, instance:testmeapp.tests.OnlineShoppingTest@4883b407]" name="getResultAfterMethod" is-config="true" duration-ms="64" started-at="2019-10-28T11:07:12Z" finished-at="2019-10-28T11:07:12Z">
          <params>
            <param index="0">
              <value>
                <![CDATA[[TestResult name=testRegistration status=SUCCESS method=OnlineShoppingTest.testRegistration()[pri:1, instance:testmeapp.tests.OnlineShoppingTest@4883b407] output={null}]]]>
              </value>
            </param>
          </params>
          <reporter-output>
          </reporter-output>
        </test-method> <!-- getResultAfterMethod -->
        <test-method status="PASS" signature="testLogin()[pri:2, instance:testmeapp.tests.OnlineShoppingTest@4883b407]" name="testLogin" duration-ms="32083" started-at="2019-10-28T11:07:12Z" finished-at="2019-10-28T11:07:44Z">
          <reporter-output>
          </reporter-output>
        </test-method> <!-- testLogin -->
        <test-method status="PASS" signature="getResultAfterMethod(org.testng.ITestResult)[pri:0, instance:testmeapp.tests.OnlineShoppingTest@4883b407]" name="getResultAfterMethod" is-config="true" duration-ms="0" started-at="2019-10-28T11:07:44Z" finished-at="2019-10-28T11:07:44Z">
          <params>
            <param index="0">
              <value>
                <![CDATA[[TestResult name=testLogin status=SUCCESS method=OnlineShoppingTest.testLogin()[pri:2, instance:testmeapp.tests.OnlineShoppingTest@4883b407] output={null}]]]>
              </value>
            </param>
          </params>
          <reporter-output>
          </reporter-output>
        </test-method> <!-- getResultAfterMethod -->
        <test-method status="PASS" signature="testCart()[pri:3, instance:testmeapp.tests.OnlineShoppingTest@4883b407]" name="testCart" duration-ms="40982" started-at="2019-10-28T11:07:44Z" finished-at="2019-10-28T11:08:25Z">
          <reporter-output>
          </reporter-output>
        </test-method> <!-- testCart -->
        <test-method status="PASS" signature="getResultAfterMethod(org.testng.ITestResult)[pri:0, instance:testmeapp.tests.OnlineShoppingTest@4883b407]" name="getResultAfterMethod" is-config="true" duration-ms="0" started-at="2019-10-28T11:08:25Z" finished-at="2019-10-28T11:08:25Z">
          <params>
            <param index="0">
              <value>
                <![CDATA[[TestResult name=testCart status=SUCCESS method=OnlineShoppingTest.testCart()[pri:3, instance:testmeapp.tests.OnlineShoppingTest@4883b407] output={null}]]]>
              </value>
            </param>
          </params>
          <reporter-output>
          </reporter-output>
        </test-method> <!-- getResultAfterMethod -->
        <test-method status="PASS" signature="testPayment()[pri:4, instance:testmeapp.tests.OnlineShoppingTest@4883b407]" name="testPayment" duration-ms="53317" started-at="2019-10-28T11:08:25Z" finished-at="2019-10-28T11:09:18Z">
          <reporter-output>
          </reporter-output>
        </test-method> <!-- testPayment -->
        <test-method status="PASS" signature="getResultAfterMethod(org.testng.ITestResult)[pri:0, instance:testmeapp.tests.OnlineShoppingTest@4883b407]" name="getResultAfterMethod" is-config="true" duration-ms="0" started-at="2019-10-28T11:09:18Z" finished-at="2019-10-28T11:09:18Z">
          <params>
            <param index="0">
              <value>
                <![CDATA[[TestResult name=testPayment status=SUCCESS method=OnlineShoppingTest.testPayment()[pri:4, instance:testmeapp.tests.OnlineShoppingTest@4883b407] output={null}]]]>
              </value>
            </param>
          </params>
          <reporter-output>
          </reporter-output>
        </test-method> <!-- getResultAfterMethod -->
        <test-method status="PASS" signature="endReportAfterTest()[pri:0, instance:testmeapp.tests.OnlineShoppingTest@4883b407]" name="endReportAfterTest" is-config="true" duration-ms="2312" started-at="2019-10-28T11:09:18Z" finished-at="2019-10-28T11:09:21Z">
          <reporter-output>
          </reporter-output>
        </test-method> <!-- endReportAfterTest -->
      </class> <!-- testmeapp.tests.OnlineShoppingTest -->
    </test> <!-- Default test -->
  </suite> <!-- Default suite -->
</testng-results>
